<?xml version="1.0" encoding="UTF-8"?>
<testsuite name="com.example.project.TestFibonacci" tests="5" skipped="0" failures="0" errors="0" timestamp="2025-01-08T16:56:33" hostname="codespaces-ccb66b" time="0.216">
  <properties/>
  <testcase name="testGetIndexOf()" classname="com.example.project.TestFibonacci" time="0.075"/>
  <testcase name="testGetSequence()" classname="com.example.project.TestFibonacci" time="0.029"/>
  <testcase name="testExtendBy()" classname="com.example.project.TestFibonacci" time="0.011"/>
  <testcase name="testFibonacciString()" classname="com.example.project.TestFibonacci" time="0.065"/>
  <testcase name="testConstructor()" classname="com.example.project.TestFibonacci" time="0.004"/>
  <system-out><![CDATA[]]></system-out>
  <system-err><![CDATA[]]></system-err>
</testsuite>
