<?xml version="1.0" encoding="UTF-8"?>
<testsuite name="com.example.project.TestFibonacci" tests="5" skipped="0" failures="0" errors="0" timestamp="2025-01-06T17:30:17" hostname="codespaces-ccb66b" time="0.078">
  <properties/>
  <testcase name="testGetIndexOf()" classname="com.example.project.TestFibonacci" time="0.024"/>
  <testcase name="testGetSequence()" classname="com.example.project.TestFibonacci" time="0.004"/>
  <testcase name="testExtendBy()" classname="com.example.project.TestFibonacci" time="0.002"/>
  <testcase name="testFibonacciString()" classname="com.example.project.TestFibonacci" time="0.033"/>
  <testcase name="testConstructor()" classname="com.example.project.TestFibonacci" time="0.001"/>
  <system-out><![CDATA[]]></system-out>
  <system-err><![CDATA[]]></system-err>
</testsuite>
