<?xml version="1.0" encoding="UTF-8"?>
<testsuite name="com.example.project.TestHorseBarn" tests="4" skipped="0" failures="0" errors="0" timestamp="2025-01-08T16:56:33" hostname="codespaces-ccb66b" time="0.138">
  <properties/>
  <testcase name="testHorseBarnConstructorAndGetStalls()" classname="com.example.project.TestHorseBarn" time="0.003"/>
  <testcase name="testPlaceHorseAndFindHorseStall()" classname="com.example.project.TestHorseBarn" time="0.002"/>
  <testcase name="testHorseBarnInfo()" classname="com.example.project.TestHorseBarn" time="0.101"/>
  <testcase name="testConsolidate()" classname="com.example.project.TestHorseBarn" time="0.003"/>
  <system-out><![CDATA[]]></system-out>
  <system-err><![CDATA[]]></system-err>
</testsuite>
